<!DOCTYPE html PUBLIC "-//W3C//DTD XHTML 1.1//EN" "http://www.w3.org/TR/xhtml11/DTD/xhtml11.dtd">
<html xmlns="http://www.w3.org/1999/xhtml">
<head>
<meta http-equiv="content-type" content="text/html; charset=UTF-8"/>
<title>TestNG Report</title>
<style type="text/css">table {margin-bottom:10px;border-collapse:collapse;empty-cells:show}th,td {border:1px solid #009;padding:.25em .5em}th {vertical-align:bottom}td {vertical-align:top}table a {font-weight:bold}.stripe td {background-color: #E6EBF9}.num {text-align:right}.passedodd td {background-color: #3F3}.passedeven td {background-color: #0A0}.skippedodd td {background-color: #DDD}.skippedeven td {background-color: #CCC}.failedodd td,.attn {background-color: #F33}.failedeven td,.stripe .attn {background-color: #D00}.stacktrace {white-space:pre;font-family:monospace}.totop {font-size:85%;text-align:center;border-bottom:2px solid #000}.invisible {display:none}</style>
</head>
<body>
<table>
<tr><th>Test</th><th># Passed</th><th># Skipped</th><th># Failed</th><th>Time (ms)</th><th>Included Groups</th><th>Excluded Groups</th></tr>
<tr><th colspan="7">Suite</th></tr>
<tr><td><a href="#t0">Test</a></td><td class="num">23</td><td class="num">0</td><td class="num attn">7</td><td class="num">107,958</td><td></td><td></td></tr>
</table>
<table id='summary'><thead><tr><th>Class</th><th>Method</th><th>Start</th><th>Time (ms)</th></tr></thead><tbody><tr><th colspan="4">Suite</th></tr></tbody><tbody id="t0"><tr><th colspan="4">Test &#8212; failed</th></tr><tr class="failedeven"><td rowspan="7">testScripts.Motorcycle.EnterProductData</td><td><a href="#m0">checkNextLabelInsSum</a></td><td rowspan="1">1597479861627</td><td rowspan="1">10059</td></tr><tr class="failedeven"><td><a href="#m1">isCalendarButtonClickable</a></td><td rowspan="1">1597479871717</td><td rowspan="1">10053</td></tr><tr class="failedeven"><td><a href="#m2">validDamageInsuranceDropDownSelection</a></td><td rowspan="1">1597479881939</td><td rowspan="1">49</td></tr><tr class="failedeven"><td><a href="#m3">validInsuranceDropDown</a></td><td rowspan="1">1597479881991</td><td rowspan="1">72</td></tr><tr class="failedeven"><td><a href="#m4">validStartDateText</a></td><td rowspan="1">1597479882065</td><td rowspan="1">10101</td></tr><tr class="failedeven"><td><a href="#m5">verifyNextButtonText</a></td><td rowspan="1">1597479892167</td><td rowspan="1">35</td></tr><tr class="failedeven"><td><a href="#m6">verifyPrevButtonText</a></td><td rowspan="1">1597479892204</td><td rowspan="1">28</td></tr><tr><th colspan="4">Test &#8212; passed</th></tr><tr class="passedeven"><td rowspan="13">testScripts.Motorcycle.EnterInsuranceData</td><td><a href="#m7">isHobbiesCheckBoxVisible</a></td><td rowspan="1">1597479860467</td><td rowspan="1">58</td></tr><tr class="passedeven"><td><a href="#m8">isHobbiesLabelVisible</a></td><td rowspan="1">1597479860528</td><td rowspan="1">36</td></tr><tr class="passedeven"><td><a href="#m9">isNextButtonVisible</a></td><td rowspan="1">1597479860566</td><td rowspan="1">38</td></tr><tr class="passedeven"><td><a href="#m10">isPictureLabelVisible</a></td><td rowspan="1">1597479860606</td><td rowspan="1">27</td></tr><tr class="passedeven"><td><a href="#m11">isPrevButtonVisible</a></td><td rowspan="1">1597479860637</td><td rowspan="1">28</td></tr><tr class="passedeven"><td><a href="#m12">isWebsiteLabelVisible</a></td><td rowspan="1">1597479860667</td><td rowspan="1">31</td></tr><tr class="passedeven"><td><a href="#m13">isWebsiteTextBoxVisible</a></td><td rowspan="1">1597479860699</td><td rowspan="1">22</td></tr><tr class="passedeven"><td><a href="#m14">validHobbiesSelection</a></td><td rowspan="1">1597479860722</td><td rowspan="1">166</td></tr><tr class="passedeven"><td><a href="#m15">validWebsiteEntry</a></td><td rowspan="1">1597479860889</td><td rowspan="1">385</td></tr><tr class="passedeven"><td><a href="#m16">verifyNextButtonText</a></td><td rowspan="1">1597479861275</td><td rowspan="1">45</td></tr><tr class="passedeven"><td><a href="#m17">verifyOnClickNextButton</a></td><td rowspan="1">1597479892234</td><td rowspan="1">204</td></tr><tr class="passedeven"><td><a href="#m18">verifyOnClickPrevButton</a></td><td rowspan="1">1597479861323</td><td rowspan="1">237</td></tr><tr class="passedeven"><td><a href="#m19">verifyPrevButtonText</a></td><td rowspan="1">1597479861562</td><td rowspan="1">60</td></tr><tr class="passedodd"><td rowspan="10">testScripts.Motorcycle.EnterProductData</td><td><a href="#m20">damageInsuranceLabelVisible</a></td><td rowspan="1">1597479871689</td><td rowspan="1">26</td></tr><tr class="passedodd"><td><a href="#m21">isDamageInsuranceDropDownVisible</a></td><td rowspan="1">1597479881772</td><td rowspan="1">17</td></tr><tr class="passedodd"><td><a href="#m22">isInsuranceSumDropDownVisible</a></td><td rowspan="1">1597479881790</td><td rowspan="1">16</td></tr><tr class="passedodd"><td><a href="#m23">isInsuranceSumLabelVisible</a></td><td rowspan="1">1597479881807</td><td rowspan="1">16</td></tr><tr class="passedodd"><td><a href="#m24">isNextButtonVisible</a></td><td rowspan="1">1597479881824</td><td rowspan="1">17</td></tr><tr class="passedodd"><td><a href="#m25">isOptionalProductTextBoxVisible</a></td><td rowspan="1">1597479881841</td><td rowspan="1">19</td></tr><tr class="passedodd"><td><a href="#m26">isOptionalProductsLabelVisible</a></td><td rowspan="1">1597479881861</td><td rowspan="1">16</td></tr><tr class="passedodd"><td><a href="#m27">isPrevButtonVisible</a></td><td rowspan="1">1597479881878</td><td rowspan="1">25</td></tr><tr class="passedodd"><td><a href="#m28">isStartDateLabelVisible</a></td><td rowspan="1">1597479881904</td><td rowspan="1">17</td></tr><tr class="passedodd"><td><a href="#m29">isStartDateTextBoxVisible</a></td><td rowspan="1">1597479881921</td><td rowspan="1">17</td></tr></tbody>
</table>
<h2>Test</h2><h3 id="m0">testScripts.Motorcycle.EnterProductData#checkNextLabelInsSum</h3><table class="result"><tr><th>Exception</th></tr><tr><td><div class="stacktrace">org.openqa.selenium.NoSuchElementException: no such element: Unable to locate element: {&quot;method&quot;:&quot;xpath&quot;,&quot;selector&quot;:&quot;//label[text()=&apos;&apos;]/../following::div/label&quot;}
  (Session info: chrome=84.0.4147.125)
For documentation on this error, please visit: https://www.seleniumhq.org/exceptions/no_such_element.html
Build info: version: &apos;3.141.59&apos;, revision: &apos;e82be7d358&apos;, time: &apos;2018-11-14T08:25:53&apos;
System info: host: &apos;DESKTOP-A6N9SAN&apos;, ip: &apos;192.168.56.1&apos;, os.name: &apos;Windows 10&apos;, os.arch: &apos;amd64&apos;, os.version: &apos;10.0&apos;, java.version: &apos;1.8.0_241&apos;
Driver info: org.openqa.selenium.chrome.ChromeDriver
Capabilities {acceptInsecureCerts: false, browserName: chrome, browserVersion: 84.0.4147.125, chrome: {chromedriverVersion: 84.0.4147.30 (48b3e868b4cc0..., userDataDir: C:\Users\admin\AppData\Loca...}, goog:chromeOptions: {debuggerAddress: localhost:62282}, javascriptEnabled: true, networkConnectionEnabled: false, pageLoadStrategy: normal, platform: WINDOWS, platformName: WINDOWS, proxy: Proxy(), setWindowRect: true, strictFileInteractability: false, timeouts: {implicit: 0, pageLoad: 300000, script: 30000}, unhandledPromptBehavior: dismiss and notify, webauthn:virtualAuthenticators: true}
Session ID: d4eea254cc13104e0f241a651b606250
*** Element info: {Using=xpath, value=//label[text()=&apos;&apos;]/../following::div/label}
	at org.openqa.selenium.remote.http.W3CHttpResponseCodec.createException(W3CHttpResponseCodec.java:187)
	at org.openqa.selenium.remote.http.W3CHttpResponseCodec.decode(W3CHttpResponseCodec.java:122)
	at org.openqa.selenium.remote.http.W3CHttpResponseCodec.decode(W3CHttpResponseCodec.java:49)
	at org.openqa.selenium.remote.HttpCommandExecutor.execute(HttpCommandExecutor.java:158)
	at org.openqa.selenium.remote.service.DriverCommandExecutor.execute(DriverCommandExecutor.java:83)
	at org.openqa.selenium.remote.RemoteWebDriver.execute(RemoteWebDriver.java:552)
	at org.openqa.selenium.remote.RemoteWebDriver.findElement(RemoteWebDriver.java:323)
	at org.openqa.selenium.remote.RemoteWebDriver.findElementByXPath(RemoteWebDriver.java:428)
	at org.openqa.selenium.By$ByXPath.findElement(By.java:353)
	at org.openqa.selenium.remote.RemoteWebDriver.findElement(RemoteWebDriver.java:315)
	at libraries.CommonLibrary.returnNextLabelText(CommonLibrary.java:78)
	at pages.Motorcycle.EnterProductData.verifyNextLabelText(EnterProductData.java:64)
	at testScripts.Motorcycle.EnterProductData.checkNextLabelInsSum(EnterProductData.java:64)
... Removed 29 stack frames</div></td></tr></table><p class="totop"><a href="#summary">back to summary</a></p>
<h3 id="m1">testScripts.Motorcycle.EnterProductData#isCalendarButtonClickable</h3><table class="result"><tr><th>Exception</th></tr><tr><td><div class="stacktrace">org.openqa.selenium.ElementNotInteractableException: element not interactable
  (Session info: chrome=84.0.4147.125)
Build info: version: &apos;3.141.59&apos;, revision: &apos;e82be7d358&apos;, time: &apos;2018-11-14T08:25:53&apos;
System info: host: &apos;DESKTOP-A6N9SAN&apos;, ip: &apos;192.168.56.1&apos;, os.name: &apos;Windows 10&apos;, os.arch: &apos;amd64&apos;, os.version: &apos;10.0&apos;, java.version: &apos;1.8.0_241&apos;
Driver info: org.openqa.selenium.chrome.ChromeDriver
Capabilities {acceptInsecureCerts: false, browserName: chrome, browserVersion: 84.0.4147.125, chrome: {chromedriverVersion: 84.0.4147.30 (48b3e868b4cc0..., userDataDir: C:\Users\admin\AppData\Loca...}, goog:chromeOptions: {debuggerAddress: localhost:62282}, javascriptEnabled: true, networkConnectionEnabled: false, pageLoadStrategy: normal, platform: WINDOWS, platformName: WINDOWS, proxy: Proxy(), setWindowRect: true, strictFileInteractability: false, timeouts: {implicit: 0, pageLoad: 300000, script: 30000}, unhandledPromptBehavior: dismiss and notify, webauthn:virtualAuthenticators: true}
Session ID: d4eea254cc13104e0f241a651b606250
	at org.openqa.selenium.remote.http.W3CHttpResponseCodec.createException(W3CHttpResponseCodec.java:187)
	at org.openqa.selenium.remote.http.W3CHttpResponseCodec.decode(W3CHttpResponseCodec.java:122)
	at org.openqa.selenium.remote.http.W3CHttpResponseCodec.decode(W3CHttpResponseCodec.java:49)
	at org.openqa.selenium.remote.HttpCommandExecutor.execute(HttpCommandExecutor.java:158)
	at org.openqa.selenium.remote.service.DriverCommandExecutor.execute(DriverCommandExecutor.java:83)
	at org.openqa.selenium.remote.RemoteWebDriver.execute(RemoteWebDriver.java:552)
	at org.openqa.selenium.remote.RemoteWebElement.execute(RemoteWebElement.java:285)
	at org.openqa.selenium.remote.RemoteWebElement.click(RemoteWebElement.java:84)
	at pages.Motorcycle.EnterProductData.verifyCalendarClickable(EnterProductData.java:51)
	at testScripts.Motorcycle.EnterProductData.isCalendarButtonClickable(EnterProductData.java:54)
... Removed 29 stack frames</div></td></tr></table><p class="totop"><a href="#summary">back to summary</a></p>
<h3 id="m2">testScripts.Motorcycle.EnterProductData#validDamageInsuranceDropDownSelection</h3><table class="result"><tr><th>Exception</th></tr><tr><td><div class="stacktrace">org.openqa.selenium.ElementNotInteractableException: element not interactable: Element is not currently visible and may not be manipulated
  (Session info: chrome=84.0.4147.125)
Build info: version: &apos;3.141.59&apos;, revision: &apos;e82be7d358&apos;, time: &apos;2018-11-14T08:25:53&apos;
System info: host: &apos;DESKTOP-A6N9SAN&apos;, ip: &apos;192.168.56.1&apos;, os.name: &apos;Windows 10&apos;, os.arch: &apos;amd64&apos;, os.version: &apos;10.0&apos;, java.version: &apos;1.8.0_241&apos;
Driver info: org.openqa.selenium.chrome.ChromeDriver
Capabilities {acceptInsecureCerts: false, browserName: chrome, browserVersion: 84.0.4147.125, chrome: {chromedriverVersion: 84.0.4147.30 (48b3e868b4cc0..., userDataDir: C:\Users\admin\AppData\Loca...}, goog:chromeOptions: {debuggerAddress: localhost:62282}, javascriptEnabled: true, networkConnectionEnabled: false, pageLoadStrategy: normal, platform: WINDOWS, platformName: WINDOWS, proxy: Proxy(), setWindowRect: true, strictFileInteractability: false, timeouts: {implicit: 0, pageLoad: 300000, script: 30000}, unhandledPromptBehavior: dismiss and notify, webauthn:virtualAuthenticators: true}
Session ID: d4eea254cc13104e0f241a651b606250
	at org.openqa.selenium.remote.http.W3CHttpResponseCodec.createException(W3CHttpResponseCodec.java:187)
	at org.openqa.selenium.remote.http.W3CHttpResponseCodec.decode(W3CHttpResponseCodec.java:122)
	at org.openqa.selenium.remote.http.W3CHttpResponseCodec.decode(W3CHttpResponseCodec.java:49)
	at org.openqa.selenium.remote.HttpCommandExecutor.execute(HttpCommandExecutor.java:158)
	at org.openqa.selenium.remote.service.DriverCommandExecutor.execute(DriverCommandExecutor.java:83)
	at org.openqa.selenium.remote.RemoteWebDriver.execute(RemoteWebDriver.java:552)
	at org.openqa.selenium.remote.RemoteWebElement.execute(RemoteWebElement.java:285)
	at org.openqa.selenium.remote.RemoteWebElement.click(RemoteWebElement.java:84)
	at pages.Motorcycle.EnterProductData.validateDamageInsuranceDropDownSelection(EnterProductData.java:91)
	at testScripts.Motorcycle.EnterProductData.validDamageInsuranceDropDownSelection(EnterProductData.java:95)
... Removed 29 stack frames</div></td></tr></table><p class="totop"><a href="#summary">back to summary</a></p>
<h3 id="m3">testScripts.Motorcycle.EnterProductData#validInsuranceDropDown</h3><table class="result"><tr><th>Exception</th></tr><tr><td><div class="stacktrace">org.openqa.selenium.ElementNotInteractableException: element not interactable: Element is not currently visible and may not be manipulated
  (Session info: chrome=84.0.4147.125)
Build info: version: &apos;3.141.59&apos;, revision: &apos;e82be7d358&apos;, time: &apos;2018-11-14T08:25:53&apos;
System info: host: &apos;DESKTOP-A6N9SAN&apos;, ip: &apos;192.168.56.1&apos;, os.name: &apos;Windows 10&apos;, os.arch: &apos;amd64&apos;, os.version: &apos;10.0&apos;, java.version: &apos;1.8.0_241&apos;
Driver info: org.openqa.selenium.chrome.ChromeDriver
Capabilities {acceptInsecureCerts: false, browserName: chrome, browserVersion: 84.0.4147.125, chrome: {chromedriverVersion: 84.0.4147.30 (48b3e868b4cc0..., userDataDir: C:\Users\admin\AppData\Loca...}, goog:chromeOptions: {debuggerAddress: localhost:62282}, javascriptEnabled: true, networkConnectionEnabled: false, pageLoadStrategy: normal, platform: WINDOWS, platformName: WINDOWS, proxy: Proxy(), setWindowRect: true, strictFileInteractability: false, timeouts: {implicit: 0, pageLoad: 300000, script: 30000}, unhandledPromptBehavior: dismiss and notify, webauthn:virtualAuthenticators: true}
Session ID: d4eea254cc13104e0f241a651b606250
	at org.openqa.selenium.remote.http.W3CHttpResponseCodec.createException(W3CHttpResponseCodec.java:187)
	at org.openqa.selenium.remote.http.W3CHttpResponseCodec.decode(W3CHttpResponseCodec.java:122)
	at org.openqa.selenium.remote.http.W3CHttpResponseCodec.decode(W3CHttpResponseCodec.java:49)
	at org.openqa.selenium.remote.HttpCommandExecutor.execute(HttpCommandExecutor.java:158)
	at org.openqa.selenium.remote.service.DriverCommandExecutor.execute(DriverCommandExecutor.java:83)
	at org.openqa.selenium.remote.RemoteWebDriver.execute(RemoteWebDriver.java:552)
	at org.openqa.selenium.remote.RemoteWebElement.execute(RemoteWebElement.java:285)
	at org.openqa.selenium.remote.RemoteWebElement.click(RemoteWebElement.java:84)
	at pages.Motorcycle.EnterProductData.validateInsuranceSumSelection(EnterProductData.java:76)
	at testScripts.Motorcycle.EnterProductData.validInsuranceDropDown(EnterProductData.java:80)
... Removed 29 stack frames</div></td></tr></table><p class="totop"><a href="#summary">back to summary</a></p>
<h3 id="m4">testScripts.Motorcycle.EnterProductData#validStartDateText</h3><table class="result"><tr><th>Exception</th></tr><tr><td><div class="stacktrace">org.openqa.selenium.ElementNotInteractableException: element not interactable
  (Session info: chrome=84.0.4147.125)
Build info: version: &apos;3.141.59&apos;, revision: &apos;e82be7d358&apos;, time: &apos;2018-11-14T08:25:53&apos;
System info: host: &apos;DESKTOP-A6N9SAN&apos;, ip: &apos;192.168.56.1&apos;, os.name: &apos;Windows 10&apos;, os.arch: &apos;amd64&apos;, os.version: &apos;10.0&apos;, java.version: &apos;1.8.0_241&apos;
Driver info: org.openqa.selenium.chrome.ChromeDriver
Capabilities {acceptInsecureCerts: false, browserName: chrome, browserVersion: 84.0.4147.125, chrome: {chromedriverVersion: 84.0.4147.30 (48b3e868b4cc0..., userDataDir: C:\Users\admin\AppData\Loca...}, goog:chromeOptions: {debuggerAddress: localhost:62282}, javascriptEnabled: true, networkConnectionEnabled: false, pageLoadStrategy: normal, platform: WINDOWS, platformName: WINDOWS, proxy: Proxy(), setWindowRect: true, strictFileInteractability: false, timeouts: {implicit: 0, pageLoad: 300000, script: 30000}, unhandledPromptBehavior: dismiss and notify, webauthn:virtualAuthenticators: true}
Session ID: d4eea254cc13104e0f241a651b606250
	at org.openqa.selenium.remote.http.W3CHttpResponseCodec.createException(W3CHttpResponseCodec.java:187)
	at org.openqa.selenium.remote.http.W3CHttpResponseCodec.decode(W3CHttpResponseCodec.java:122)
	at org.openqa.selenium.remote.http.W3CHttpResponseCodec.decode(W3CHttpResponseCodec.java:49)
	at org.openqa.selenium.remote.HttpCommandExecutor.execute(HttpCommandExecutor.java:158)
	at org.openqa.selenium.remote.service.DriverCommandExecutor.execute(DriverCommandExecutor.java:83)
	at org.openqa.selenium.remote.RemoteWebDriver.execute(RemoteWebDriver.java:552)
	at org.openqa.selenium.remote.RemoteWebElement.execute(RemoteWebElement.java:285)
	at org.openqa.selenium.remote.RemoteWebElement.sendKeys(RemoteWebElement.java:106)
	at pages.Motorcycle.EnterProductData.validateStartDate(EnterProductData.java:57)
	at testScripts.Motorcycle.EnterProductData.validStartDateText(EnterProductData.java:59)
... Removed 29 stack frames</div></td></tr></table><p class="totop"><a href="#summary">back to summary</a></p>
<h3 id="m5">testScripts.Motorcycle.EnterProductData#verifyNextButtonText</h3><table class="result"><tr><th>Exception</th></tr><tr><td><div class="stacktrace">java.lang.AssertionError: expected [true] but found [false]
	at testScripts.Motorcycle.EnterProductData.verifyNextButtonText(EnterProductData.java:137)
... Removed 31 stack frames</div></td></tr></table><p class="totop"><a href="#summary">back to summary</a></p>
<h3 id="m6">testScripts.Motorcycle.EnterProductData#verifyPrevButtonText</h3><table class="result"><tr><th>Exception</th></tr><tr><td><div class="stacktrace">java.lang.AssertionError: expected [true] but found [false]
	at testScripts.Motorcycle.EnterProductData.verifyPrevButtonText(EnterProductData.java:120)
... Removed 31 stack frames</div></td></tr></table><p class="totop"><a href="#summary">back to summary</a></p>
<h3 id="m7">testScripts.Motorcycle.EnterInsuranceData#isHobbiesCheckBoxVisible</h3><table class="result"><tr><th class="invisible"/></tr></table><p class="totop"><a href="#summary">back to summary</a></p>
<h3 id="m8">testScripts.Motorcycle.EnterInsuranceData#isHobbiesLabelVisible</h3><table class="result"><tr><th class="invisible"/></tr></table><p class="totop"><a href="#summary">back to summary</a></p>
<h3 id="m9">testScripts.Motorcycle.EnterInsuranceData#isNextButtonVisible</h3><table class="result"><tr><th class="invisible"/></tr></table><p class="totop"><a href="#summary">back to summary</a></p>
<h3 id="m10">testScripts.Motorcycle.EnterInsuranceData#isPictureLabelVisible</h3><table class="result"><tr><th class="invisible"/></tr></table><p class="totop"><a href="#summary">back to summary</a></p>
<h3 id="m11">testScripts.Motorcycle.EnterInsuranceData#isPrevButtonVisible</h3><table class="result"><tr><th class="invisible"/></tr></table><p class="totop"><a href="#summary">back to summary</a></p>
<h3 id="m12">testScripts.Motorcycle.EnterInsuranceData#isWebsiteLabelVisible</h3><table class="result"><tr><th class="invisible"/></tr></table><p class="totop"><a href="#summary">back to summary</a></p>
<h3 id="m13">testScripts.Motorcycle.EnterInsuranceData#isWebsiteTextBoxVisible</h3><table class="result"><tr><th class="invisible"/></tr></table><p class="totop"><a href="#summary">back to summary</a></p>
<h3 id="m14">testScripts.Motorcycle.EnterInsuranceData#validHobbiesSelection</h3><table class="result"><tr><th class="invisible"/></tr></table><p class="totop"><a href="#summary">back to summary</a></p>
<h3 id="m15">testScripts.Motorcycle.EnterInsuranceData#validWebsiteEntry</h3><table class="result"><tr><th class="invisible"/></tr></table><p class="totop"><a href="#summary">back to summary</a></p>
<h3 id="m16">testScripts.Motorcycle.EnterInsuranceData#verifyNextButtonText</h3><table class="result"><tr><th class="invisible"/></tr></table><p class="totop"><a href="#summary">back to summary</a></p>
<h3 id="m17">testScripts.Motorcycle.EnterInsuranceData#verifyOnClickNextButton</h3><table class="result"><tr><th class="invisible"/></tr></table><p class="totop"><a href="#summary">back to summary</a></p>
<h3 id="m18">testScripts.Motorcycle.EnterInsuranceData#verifyOnClickPrevButton</h3><table class="result"><tr><th class="invisible"/></tr></table><p class="totop"><a href="#summary">back to summary</a></p>
<h3 id="m19">testScripts.Motorcycle.EnterInsuranceData#verifyPrevButtonText</h3><table class="result"><tr><th class="invisible"/></tr></table><p class="totop"><a href="#summary">back to summary</a></p>
<h3 id="m20">testScripts.Motorcycle.EnterProductData#damageInsuranceLabelVisible</h3><table class="result"><tr><th class="invisible"/></tr></table><p class="totop"><a href="#summary">back to summary</a></p>
<h3 id="m21">testScripts.Motorcycle.EnterProductData#isDamageInsuranceDropDownVisible</h3><table class="result"><tr><th class="invisible"/></tr></table><p class="totop"><a href="#summary">back to summary</a></p>
<h3 id="m22">testScripts.Motorcycle.EnterProductData#isInsuranceSumDropDownVisible</h3><table class="result"><tr><th class="invisible"/></tr></table><p class="totop"><a href="#summary">back to summary</a></p>
<h3 id="m23">testScripts.Motorcycle.EnterProductData#isInsuranceSumLabelVisible</h3><table class="result"><tr><th class="invisible"/></tr></table><p class="totop"><a href="#summary">back to summary</a></p>
<h3 id="m24">testScripts.Motorcycle.EnterProductData#isNextButtonVisible</h3><table class="result"><tr><th class="invisible"/></tr></table><p class="totop"><a href="#summary">back to summary</a></p>
<h3 id="m25">testScripts.Motorcycle.EnterProductData#isOptionalProductTextBoxVisible</h3><table class="result"><tr><th class="invisible"/></tr></table><p class="totop"><a href="#summary">back to summary</a></p>
<h3 id="m26">testScripts.Motorcycle.EnterProductData#isOptionalProductsLabelVisible</h3><table class="result"><tr><th class="invisible"/></tr></table><p class="totop"><a href="#summary">back to summary</a></p>
<h3 id="m27">testScripts.Motorcycle.EnterProductData#isPrevButtonVisible</h3><table class="result"><tr><th class="invisible"/></tr></table><p class="totop"><a href="#summary">back to summary</a></p>
<h3 id="m28">testScripts.Motorcycle.EnterProductData#isStartDateLabelVisible</h3><table class="result"><tr><th class="invisible"/></tr></table><p class="totop"><a href="#summary">back to summary</a></p>
<h3 id="m29">testScripts.Motorcycle.EnterProductData#isStartDateTextBoxVisible</h3><table class="result"><tr><th class="invisible"/></tr></table><p class="totop"><a href="#summary">back to summary</a></p>
</body>
</html>
